<?xml version="1.0" encoding="UTF-8"?>
<!-- Generated by org.testng.reporters.JUnitReportReporter -->
<testsuite skipped="0" hostname="RANJITH" name="testCases.LoginPagewithoutFindbyandFindElementsTest" tests="1" failures="0" timestamp="2020-03-13T19:27:14 IST" time="12.925" errors="0">
  <testcase name="SignedIn" time="12.925" classname="testCases.LoginPagewithoutFindbyandFindElementsTest"/>
</testsuite> <!-- testCases.LoginPagewithoutFindbyandFindElementsTest -->
