<?xml version="1.0" encoding="UTF-8"?>
<!-- Generated by org.testng.reporters.JUnitReportReporter -->
<testsuite skipped="0" hostname="RANJITH" name="testCases.HomePageTest" tests="1" failures="0" timestamp="2020-03-13T17:38:03 IST" time="20.667" errors="0">
  <testcase name="Signin" time="20.667" classname="testCases.HomePageTest"/>
</testsuite> <!-- testCases.HomePageTest -->
